<?xml version="1.0" encoding="UTF-8"?>
<testng-results skipped="0" failed="0" total="1" passed="1">
  <reporter-output>
  </reporter-output>
  <suite name="Default suite" duration-ms="12172" started-at="2015-04-22T20:32:55Z" finished-at="2015-04-22T20:33:07Z">
    <groups>
    </groups>
    <test name="Default test" duration-ms="12172" started-at="2015-04-22T20:32:55Z" finished-at="2015-04-22T20:33:07Z">
      <class name="windowHandleExample.GooglePage">
        <test-method status="PASS" signature="setUp()[pri:0, instance:windowHandleExample.GooglePage@35851384]" name="setUp" duration-ms="12148" started-at="2015-04-22T13:32:55Z" finished-at="2015-04-22T13:33:07Z">
          <reporter-output>
          </reporter-output>
        </test-method> <!-- setUp -->
      </class> <!-- windowHandleExample.GooglePage -->
    </test> <!-- Default test -->
  </suite> <!-- Default suite -->
</testng-results>
