<?xml version="1.0" encoding="UTF-8"?>
<testng-results skipped="0" failed="0" total="1" passed="1">
  <reporter-output>
  </reporter-output>
  <suite name="Default suite" duration-ms="7398" started-at="2015-02-06T19:50:10Z" finished-at="2015-02-06T19:50:17Z">
    <groups>
    </groups>
    <test name="Default test" duration-ms="7398" started-at="2015-02-06T19:50:10Z" finished-at="2015-02-06T19:50:17Z">
      <class name="Group.Artifact.NewTest">
        <test-method status="PASS" signature="basicTest()[pri:0, instance:Group.Artifact.NewTest@63376bed]" name="basicTest" duration-ms="7378" started-at="2015-02-06T11:50:10Z" finished-at="2015-02-06T11:50:17Z">
          <reporter-output>
          </reporter-output>
        </test-method> <!-- basicTest -->
      </class> <!-- Group.Artifact.NewTest -->
    </test> <!-- Default test -->
  </suite> <!-- Default suite -->
</testng-results>
