<?xml version="1.0" encoding="UTF-8"?>
<testng-results skipped="0" failed="0" total="1" passed="1">
  <reporter-output>
  </reporter-output>
  <suite name="Default suite" duration-ms="26617" started-at="2015-05-01T19:26:15Z" finished-at="2015-05-01T19:26:42Z">
    <groups>
    </groups>
    <test name="Default test" duration-ms="26617" started-at="2015-05-01T19:26:15Z" finished-at="2015-05-01T19:26:42Z">
      <class name="mavenproject.comcastProject.TestSaleTax">
        <test-method status="PASS" signature="testSaleTaxFromUserInput()[pri:0, instance:mavenproject.comcastProject.TestSaleTax@3ab39c39]" name="testSaleTaxFromUserInput" duration-ms="26597" started-at="2015-05-01T12:26:15Z" finished-at="2015-05-01T12:26:42Z">
          <reporter-output>
          </reporter-output>
        </test-method> <!-- testSaleTaxFromUserInput -->
      </class> <!-- mavenproject.comcastProject.TestSaleTax -->
    </test> <!-- Default test -->
  </suite> <!-- Default suite -->
</testng-results>
